<?xml version="1.0" encoding="UTF-8"?>
<!-- Generated by org.testng.reporters.JUnitReportReporter -->
<testsuite hostname="WIN-UHUGTU479GR" failures="0" tests="1" name="testcases.buzzTest" time="40.276" errors="0" timestamp="2022-08-12T00:38:09 MSK" skipped="0">
  <testcase classname="testcases.buzzTest" name="clickDirectoryTest" time="40.276"/>
  <system-out/>
</testsuite> <!-- testcases.buzzTest -->
