<?xml version="1.0" encoding="UTF-8"?>
<!-- Generated by org.testng.reporters.JUnitReportReporter -->
<testsuite hostname="WIN-UHUGTU479GR" failures="0" tests="1" name="testcases.dashboardTest" time="7.237" errors="0" timestamp="2022-08-12T00:38:09 MSK" skipped="0">
  <testcase classname="testcases.dashboardTest" name="clickDashboardTest" time="7.237"/>
  <system-out/>
</testsuite> <!-- testcases.dashboardTest -->
