<?xml version="1.0" encoding="UTF-8"?>
<!-- Generated by org.testng.reporters.JUnitReportReporter -->
<testsuite hostname="WIN-UHUGTU479GR" failures="0" tests="1" name="testcases.LogoutTest" time="7.302" errors="0" timestamp="2022-08-09T12:32:08 MSK" skipped="0">
  <testcase classname="testcases.LogoutTest" name="doLogout" time="7.302"/>
  <system-out/>
</testsuite> <!-- testcases.LogoutTest -->
