<?xml version="1.0" encoding="UTF-8"?>
<!-- Generated by org.testng.reporters.JUnitReportReporter -->
<testsuite hostname="WIN-UHUGTU479GR" failures="0" tests="1" name="testcases.applyLeavetest" time="9.782" errors="0" timestamp="2022-08-13T13:21:56 MSK" skipped="0">
  <testcase classname="testcases.applyLeavetest" name="clickadminTest" time="9.782"/>
  <system-out/>
</testsuite> <!-- testcases.applyLeavetest -->
