<?xml version="1.0" encoding="UTF-8"?>
<!-- Generated by org.testng.reporters.JUnitReportReporter -->
<testsuite hostname="WIN-UHUGTU479GR" failures="0" tests="1" name="testcases.clickTimetest" time="29.869" errors="0" timestamp="2022-08-12T00:38:09 MSK" skipped="0">
  <testcase classname="testcases.clickTimetest" name="clickLeaveTest" time="29.869"/>
  <system-out/>
</testsuite> <!-- testcases.clickTimetest -->
